c:\yandiansai\newwindows\mygui_docking\project1\project1\x64\debug\vc143.pdb
c:\yandiansai\newwindows\mygui_docking\project1\project1\x64\debug\vc143.idb
c:\yandiansai\newwindows\mygui_docking\project1\project1\x64\debug\main.obj
c:\yandiansai\newwindows\mygui_docking\project1\project1\x64\debug\imgui_widgets.obj
c:\yandiansai\newwindows\mygui_docking\project1\project1\x64\debug\imgui_tables.obj
c:\yandiansai\newwindows\mygui_docking\project1\project1\x64\debug\imgui_impl_win32.obj
c:\yandiansai\newwindows\mygui_docking\project1\project1\x64\debug\imgui_draw.obj
c:\yandiansai\newwindows\mygui_docking\project1\project1\x64\debug\imgui_demo.obj
c:\yandiansai\newwindows\mygui_docking\project1\project1\x64\debug\imgui.obj
c:\yandiansai\newwindows\mygui_docking\project1\x64\debug\project1.pdb
c:\yandiansai\newwindows\mygui_docking\project1\project1\x64\debug\project1.tlog\cl.command.1.tlog
c:\yandiansai\newwindows\mygui_docking\project1\project1\x64\debug\project1.tlog\cl.read.1.tlog
c:\yandiansai\newwindows\mygui_docking\project1\project1\x64\debug\project1.tlog\cl.write.1.tlog
c:\yandiansai\newwindows\mygui_docking\project1\project1\x64\debug\project1.tlog\link-cvtres.read.1.tlog
c:\yandiansai\newwindows\mygui_docking\project1\project1\x64\debug\project1.tlog\link-cvtres.write.1.tlog
c:\yandiansai\newwindows\mygui_docking\project1\project1\x64\debug\project1.tlog\link-rc.read.1.tlog
c:\yandiansai\newwindows\mygui_docking\project1\project1\x64\debug\project1.tlog\link-rc.write.1.tlog
c:\yandiansai\newwindows\mygui_docking\project1\project1\x64\debug\project1.tlog\link.command.1.tlog
c:\yandiansai\newwindows\mygui_docking\project1\project1\x64\debug\project1.tlog\link.read.1.tlog
c:\yandiansai\newwindows\mygui_docking\project1\project1\x64\debug\project1.tlog\link.read.2.tlog
c:\yandiansai\newwindows\mygui_docking\project1\project1\x64\debug\project1.tlog\link.read.3.tlog
c:\yandiansai\newwindows\mygui_docking\project1\project1\x64\debug\project1.tlog\link.read.4.tlog
c:\yandiansai\newwindows\mygui_docking\project1\project1\x64\debug\project1.tlog\link.write.1.tlog
